<?xml version="1.0" encoding="UTF-8"?>
<testsuite name="WordCutterTests" tests="1" skipped="0" failures="0" errors="0" timestamp="2023-09-17T15:00:39" hostname="DESKTOP-AEI6BG1" time="0.001">
  <properties/>
  <testcase name="testSolution" classname="WordCutterTests" time="0.001"/>
  <system-out><![CDATA[]]></system-out>
  <system-err><![CDATA[]]></system-err>
</testsuite>
